[debug] [2025-10-28T13:18:03.223Z] ----------------------------------------------------------------------
[debug] [2025-10-28T13:18:03.229Z] Command:       C:\Users\RELEG ULRICH\Documents\capstone\node.exe C:\Users\RELEG ULRICH\AppData\Roaming\npm\node_modules\firebase-tools\lib\bin\firebase.js init
[debug] [2025-10-28T13:18:03.230Z] CLI Version:   14.22.0
[debug] [2025-10-28T13:18:03.230Z] Platform:      win32
[debug] [2025-10-28T13:18:03.230Z] Node Version:  v24.10.0
[debug] [2025-10-28T13:18:03.230Z] Time:          Tue Oct 28 2025 21:18:03 GMT+0800 (Philippine Standard Time)
[debug] [2025-10-28T13:18:03.230Z] ----------------------------------------------------------------------
[debug] 
[info] 
     ######## #### ########  ######## ########     ###     ######  ########
     ##        ##  ##     ## ##       ##     ##  ##   ##  ##       ##
     ######    ##  ########  ######   ########  #########  ######  ######
     ##        ##  ##    ##  ##       ##     ## ##     ##       ## ##
     ##       #### ##     ## ######## ########  ##     ##  ######  ########

You're about to initialize a Firebase project in this directory:

  C:\Users\RELEG ULRICH\Documents\capstone

Before we get started, keep in mind:

  * You are initializing within an existing Firebase project directory

[info] 
=== Project Setup
[info] 
[info] First, let's associate this project directory with a Firebase project.
[info] You can create multiple project aliases by running firebase use --add, 
[info] 
[debug] [2025-10-28T13:18:48.268Z] > command requires scopes: ["email","openid","https://www.googleapis.com/auth/cloudplatformprojects.readonly","https://www.googleapis.com/auth/firebase","https://www.googleapis.com/auth/cloud-platform"]
[debug] [2025-10-28T13:18:48.268Z] > authorizing via signed-in user (roblesrelegulrich@gmail.com)
[debug] [2025-10-28T13:18:48.270Z] Checked if tokens are valid: true, expires at: 1761660665537
[debug] [2025-10-28T13:18:48.270Z] Checked if tokens are valid: true, expires at: 1761660665537
[debug] [2025-10-28T13:18:48.272Z] >>> [apiv2][query] GET https://firebase.googleapis.com/v1beta1/projects/denicebakes [none]
[debug] [2025-10-28T13:18:48.650Z] <<< [apiv2][status] GET https://firebase.googleapis.com/v1beta1/projects/denicebakes 200
[debug] [2025-10-28T13:18:48.650Z] <<< [apiv2][body] GET https://firebase.googleapis.com/v1beta1/projects/denicebakes {"projectId":"denicebakes","projectNumber":"738071187737","displayName":"DeNiceBakes","name":"projects/denicebakes","resources":{"hostingSite":"denicebakes","realtimeDatabaseInstance":"denicebakes-default-rtdb"},"state":"ACTIVE","etag":"1_78d879c0-9bb3-4422-8508-5e0b32ae2b66"}
[info] i  Using project denicebakes (DeNiceBakes) . 
[info] 
=== Dataconnect Setup
[debug] [2025-10-28T13:18:48.658Z] Checked if tokens are valid: true, expires at: 1761660665537
[debug] [2025-10-28T13:18:48.658Z] Checked if tokens are valid: true, expires at: 1761660665537
[debug] [2025-10-28T13:18:48.658Z] >>> [apiv2][query] GET https://cloudbilling.googleapis.com/v1/projects/denicebakes/billingInfo [none]
[debug] [2025-10-28T13:18:49.816Z] <<< [apiv2][status] GET https://cloudbilling.googleapis.com/v1/projects/denicebakes/billingInfo 200
[debug] [2025-10-28T13:18:49.816Z] <<< [apiv2][body] GET https://cloudbilling.googleapis.com/v1/projects/denicebakes/billingInfo {"name":"projects/denicebakes/billingInfo","projectId":"denicebakes","billingAccountName":"","billingEnabled":false}
[info] i  dataconnect: ensuring required API firebasedataconnect.googleapis.com is enabled... 
[info] i  dataconnect: ensuring required API sqladmin.googleapis.com is enabled... 
[debug] [2025-10-28T13:18:49.820Z] Checked if tokens are valid: true, expires at: 1761660665537
[debug] [2025-10-28T13:18:49.821Z] Checked if tokens are valid: true, expires at: 1761660665537
[debug] [2025-10-28T13:18:49.821Z] >>> [apiv2][query] GET https://firebasedataconnect.googleapis.com/v1/projects/denicebakes/locations/-/services [none]
[debug] [2025-10-28T13:18:51.588Z] <<< [apiv2][status] GET https://firebasedataconnect.googleapis.com/v1/projects/denicebakes/locations/-/services 200
[debug] [2025-10-28T13:18:51.588Z] <<< [apiv2][body] GET https://firebasedataconnect.googleapis.com/v1/projects/denicebakes/locations/-/services {"services":[{"name":"projects/denicebakes/locations/asia-east1/services/capstone","createTime":"2025-10-28T12:22:26.972362847Z","updateTime":"2025-10-28T12:23:38.736883953Z","uid":"b3cbcc67-7015-4a4e-9d39-7377849cc9ae","reconciling":false,"etag":"lET6fJbvVtW-U2zFwuPpWAIYdct2IwBI50wHhbWo3m4"}]}
[debug] [2025-10-28T13:18:59.074Z] Checked if tokens are valid: true, expires at: 1761660665537
[debug] [2025-10-28T13:18:59.074Z] Checked if tokens are valid: true, expires at: 1761660665537
[debug] [2025-10-28T13:18:59.074Z] >>> [apiv2][query] GET https://firebasedataconnect.googleapis.com/v1/projects/denicebakes/locations/asia-east1/services/capstone/schemas/main [none]
[debug] [2025-10-28T13:18:59.565Z] <<< [apiv2][status] GET https://firebasedataconnect.googleapis.com/v1/projects/denicebakes/locations/asia-east1/services/capstone/schemas/main 200
[debug] [2025-10-28T13:18:59.565Z] <<< [apiv2][body] GET https://firebasedataconnect.googleapis.com/v1/projects/denicebakes/locations/asia-east1/services/capstone/schemas/main {"name":"projects/denicebakes/locations/asia-east1/services/capstone/schemas/main","createTime":"2025-10-28T12:22:36.516451367Z","updateTime":"2025-10-28T12:23:39.135066264Z","source":{"files":[{"path":"schema.gql","content":"type User @table {\n  username: String!\n  email: String!\n  createdAt: Timestamp!\n  displayName: String\n  profilePictureUrl: String\n}\n\ntype Friendship @table(key: [\"initiator\", \"recipient\"]) {\n  initiator: User!\n  recipient: User!\n  status: String!\n  createdAt: Timestamp!\n  respondedAt: Timestamp\n}\n\ntype Event @table {\n  creator: User!\n  title: String!\n  description: String!\n  eventDate: Timestamp!\n  location: String!\n  createdAt: Timestamp!\n  imageUrl: String\n  endTime: Timestamp\n}\n\ntype Invitation @table(key: [\"event\", \"invitee\"]) {\n  event: Event!\n  invitee: User!\n  status: String!\n  createdAt: Timestamp!\n  respondedAt: Timestamp\n}\n\ntype Media @table {\n  event: Event!\n  uploader: User!\n  mediaUrl: String!\n  mediaType: String!\n  createdAt: Timestamp!\n  caption: String\n}\n\ntype Comment @table {\n  media: Media!\n  commenter: User!\n  text: String!\n  createdAt: Timestamp!\n  parentCommentId: UUID\n}"}]},"uid":"23295bbc-1418-4467-9dbd-1e90b2a0bba4","reconciling":false,"datasources":[{"postgresql":{"ephemeral":true}}],"etag":"jW6GvOyTLVdehwWBB4wLdN3z0WuDBCjEmYBzd5XrsRM"}
[debug] [2025-10-28T13:18:59.566Z] Checked if tokens are valid: true, expires at: 1761660665537
[debug] [2025-10-28T13:18:59.566Z] Checked if tokens are valid: true, expires at: 1761660665537
[debug] [2025-10-28T13:18:59.567Z] >>> [apiv2][query] GET https://firebasedataconnect.googleapis.com/v1/projects/denicebakes/locations/asia-east1/services/capstone/connectors pageSize=100&pageToken=&fields=connectors.name%2Cconnectors.source.files
[debug] [2025-10-28T13:18:59.664Z] <<< [apiv2][status] GET https://firebasedataconnect.googleapis.com/v1/projects/denicebakes/locations/asia-east1/services/capstone/connectors 200
[debug] [2025-10-28T13:18:59.664Z] <<< [apiv2][body] GET https://firebasedataconnect.googleapis.com/v1/projects/denicebakes/locations/asia-east1/services/capstone/connectors {}
[warn] !  dataconnect: Cannot detect an existing app in the current directory. 
[info] +  Wrote dataconnect\dataconnect.yaml 
[info] +  Wrote dataconnect\schema\schema.gql 
[info] +  Wrote dataconnect\example\connector.yaml 
[info] i  dataconnect: No apps to setup Data Connect Generated SDKs 
[info] 
=== Firestore Setup
[info] i  firestore: ensuring required API firestore.googleapis.com is enabled... 
[debug] [2025-10-28T13:19:08.063Z] Checked if tokens are valid: true, expires at: 1761660665537
[debug] [2025-10-28T13:19:08.063Z] Checked if tokens are valid: true, expires at: 1761660665537
[debug] [2025-10-28T13:19:08.063Z] >>> [apiv2][query] GET https://serviceusage.googleapis.com/v1/projects/denicebakes/services/firestore.googleapis.com [none]
[debug] [2025-10-28T13:19:08.063Z] >>> [apiv2][(partial)header] GET https://serviceusage.googleapis.com/v1/projects/denicebakes/services/firestore.googleapis.com x-goog-quota-user=projects/denicebakes
[debug] [2025-10-28T13:19:09.558Z] <<< [apiv2][status] GET https://serviceusage.googleapis.com/v1/projects/denicebakes/services/firestore.googleapis.com 200
[debug] [2025-10-28T13:19:09.558Z] <<< [apiv2][body] GET https://serviceusage.googleapis.com/v1/projects/denicebakes/services/firestore.googleapis.com [omitted]
[warn] !  firestore: missing required API firestore.googleapis.com. Enabling now... 
[debug] [2025-10-28T13:19:09.560Z] Checked if tokens are valid: true, expires at: 1761660665537
[debug] [2025-10-28T13:19:09.560Z] Checked if tokens are valid: true, expires at: 1761660665537
[debug] [2025-10-28T13:19:09.560Z] >>> [apiv2][query] POST https://serviceusage.googleapis.com/v1/projects/denicebakes/services/firestore.googleapis.com:enable [none]
[debug] [2025-10-28T13:19:09.560Z] >>> [apiv2][(partial)header] POST https://serviceusage.googleapis.com/v1/projects/denicebakes/services/firestore.googleapis.com:enable x-goog-quota-user=projects/denicebakes
[debug] [2025-10-28T13:19:10.845Z] <<< [apiv2][status] POST https://serviceusage.googleapis.com/v1/projects/denicebakes/services/firestore.googleapis.com:enable 200
[debug] [2025-10-28T13:19:10.846Z] <<< [apiv2][body] POST https://serviceusage.googleapis.com/v1/projects/denicebakes/services/firestore.googleapis.com:enable [omitted]
[debug] [2025-10-28T13:19:20.861Z] Checked if tokens are valid: true, expires at: 1761660665537
[debug] [2025-10-28T13:19:20.861Z] Checked if tokens are valid: true, expires at: 1761660665537
[debug] [2025-10-28T13:19:20.861Z] >>> [apiv2][query] GET https://firestore.googleapis.com/v1/projects/denicebakes/databases [none]
[debug] [2025-10-28T13:19:21.490Z] <<< [apiv2][status] GET https://firestore.googleapis.com/v1/projects/denicebakes/databases 200
[debug] [2025-10-28T13:19:21.490Z] <<< [apiv2][body] GET https://firestore.googleapis.com/v1/projects/denicebakes/databases {}
[debug] [2025-10-28T13:19:21.491Z] Checked if tokens are valid: true, expires at: 1761660665537
[debug] [2025-10-28T13:19:21.491Z] Checked if tokens are valid: true, expires at: 1761660665537
[debug] [2025-10-28T13:19:21.491Z] >>> [apiv2][query] GET https://firestore.googleapis.com/v1/projects/denicebakes/locations [none]
[debug] [2025-10-28T13:19:21.724Z] <<< [apiv2][status] GET https://firestore.googleapis.com/v1/projects/denicebakes/locations 200
[debug] [2025-10-28T13:19:21.724Z] <<< [apiv2][body] GET https://firestore.googleapis.com/v1/projects/denicebakes/locations {"locations":[{"name":"projects/denicebakes/locations/eur3","labels":{"appengine.googleapis.com/geo":"europe-west","cloud.googleapis.com/location":"eur3","cloud.googleapis.com/geo":"eur3"},"metadata":{"@type":"type.googleapis.com/google.firestore.admin.v1.LocationMetadata"},"locationId":"eur3","displayName":"Europe"},{"name":"projects/denicebakes/locations/nam5","labels":{"appengine.googleapis.com/geo":"us-central","cloud.googleapis.com/location":"nam5","cloud.googleapis.com/geo":"nam5"},"metadata":{"@type":"type.googleapis.com/google.firestore.admin.v1.LocationMetadata"},"locationId":"nam5","displayName":"United States"},{"name":"projects/denicebakes/locations/nam7","labels":{"cloud.googleapis.com/location":"nam7","cloud.googleapis.com/geo":"nam7"},"metadata":{"@type":"type.googleapis.com/google.firestore.admin.v1.LocationMetadata"},"locationId":"nam7","displayName":"United States"},{"name":"projects/denicebakes/locations/africa-south1","labels":{"cloud.googleapis.com/location":"africa-south1","cloud.googleapis.com/region":"africa-south1"},"metadata":{"@type":"type.googleapis.com/google.firestore.admin.v1.LocationMetadata"},"locationId":"africa-south1","displayName":"Johannesburg"},{"name":"projects/denicebakes/locations/asia-east1","labels":{"appengine.googleapis.com/region":"asia-east1","cloud.googleapis.com/location":"asia-east1","cloud.googleapis.com/region":"asia-east1"},"metadata":{"@type":"type.googleapis.com/google.firestore.admin.v1.LocationMetadata"},"locationId":"asia-east1","displayName":"Taiwan"},{"name":"projects/denicebakes/locations/asia-east2","labels":{"appengine.googleapis.com/region":"asia-east2","cloud.googleapis.com/location":"asia-east2","cloud.googleapis.com/region":"asia-east2"},"metadata":{"@type":"type.googleapis.com/google.firestore.admin.v1.LocationMetadata"},"locationId":"asia-east2","displayName":"Hong Kong"},{"name":"projects/denicebakes/locations/asia-northeast1","labels":{"appengine.googleapis.com/region":"asia-northeast1","cloud.googleapis.com/location":"asia-northeast1","cloud.googleapis.com/region":"asia-northeast1"},"metadata":{"@type":"type.googleapis.com/google.firestore.admin.v1.LocationMetadata"},"locationId":"asia-northeast1","displayName":"Tokyo"},{"name":"projects/denicebakes/locations/asia-northeast2","labels":{"appengine.googleapis.com/region":"asia-northeast2","cloud.googleapis.com/location":"asia-northeast2","cloud.googleapis.com/region":"asia-northeast2"},"metadata":{"@type":"type.googleapis.com/google.firestore.admin.v1.LocationMetadata"},"locationId":"asia-northeast2","displayName":"Osaka"},{"name":"projects/denicebakes/locations/asia-northeast3","labels":{"appengine.googleapis.com/region":"asia-northeast3","cloud.googleapis.com/location":"asia-northeast3","cloud.googleapis.com/region":"asia-northeast3"},"metadata":{"@type":"type.googleapis.com/google.firestore.admin.v1.LocationMetadata"},"locationId":"asia-northeast3","displayName":"Seoul"},{"name":"projects/denicebakes/locations/asia-south1","labels":{"appengine.googleapis.com/region":"asia-south1","cloud.googleapis.com/location":"asia-south1","cloud.googleapis.com/region":"asia-south1"},"metadata":{"@type":"type.googleapis.com/google.firestore.admin.v1.LocationMetadata"},"locationId":"asia-south1","displayName":"Mumbai"},{"name":"projects/denicebakes/locations/asia-south2","labels":{"cloud.googleapis.com/location":"asia-south2","cloud.googleapis.com/region":"asia-south2"},"metadata":{"@type":"type.googleapis.com/google.firestore.admin.v1.LocationMetadata"},"locationId":"asia-south2","displayName":"Delhi"},{"name":"projects/denicebakes/locations/asia-southeast1","labels":{"appengine.googleapis.com/region":"asia-southeast1","cloud.googleapis.com/location":"asia-southeast1","cloud.googleapis.com/region":"asia-southeast1"},"metadata":{"@type":"type.googleapis.com/google.firestore.admin.v1.LocationMetadata"},"locationId":"asia-southeast1","displayName":"Singapore"},{"name":"projects/denicebakes/locations/asia-southeast2","labels":{"appengine.googleapis.com/region":"asia-southeast2","cloud.googleapis.com/location":"asia-southeast2","cloud.googleapis.com/region":"asia-southeast2"},"metadata":{"@type":"type.googleapis.com/google.firestore.admin.v1.LocationMetadata"},"locationId":"asia-southeast2","displayName":"Jakarta"},{"name":"projects/denicebakes/locations/australia-southeast1","labels":{"appengine.googleapis.com/region":"australia-southeast1","cloud.googleapis.com/location":"australia-southeast1","cloud.googleapis.com/region":"australia-southeast1"},"metadata":{"@type":"type.googleapis.com/google.firestore.admin.v1.LocationMetadata"},"locationId":"australia-southeast1","displayName":"Sydney"},{"name":"projects/denicebakes/locations/australia-southeast2","labels":{"cloud.googleapis.com/location":"australia-southeast2","cloud.googleapis.com/region":"australia-southeast2"},"metadata":{"@type":"type.googleapis.com/google.firestore.admin.v1.LocationMetadata"},"locationId":"australia-southeast2","displayName":"Melbourne"},{"name":"projects/denicebakes/locations/europe-central2","labels":{"appengine.googleapis.com/region":"europe-central2","cloud.googleapis.com/location":"europe-central2","cloud.googleapis.com/region":"europe-central2"},"metadata":{"@type":"type.googleapis.com/google.firestore.admin.v1.LocationMetadata"},"locationId":"europe-central2","displayName":"Warsaw"},{"name":"projects/denicebakes/locations/europe-north1","labels":{"cloud.googleapis.com/location":"europe-north1","cloud.googleapis.com/region":"europe-north1"},"metadata":{"@type":"type.googleapis.com/google.firestore.admin.v1.LocationMetadata"},"locationId":"europe-north1","displayName":"Finland"},{"name":"projects/denicebakes/locations/europe-north2","labels":{"cloud.googleapis.com/location":"europe-north2","cloud.googleapis.com/region":"europe-north2"},"metadata":{"@type":"type.googleapis.com/google.firestore.admin.v1.LocationMetadata"},"locationId":"europe-north2","displayName":"Stockholm"},{"name":"projects/denicebakes/locations/europe-southwest1","labels":{"cloud.googleapis.com/location":"europe-southwest1","cloud.googleapis.com/region":"europe-southwest1"},"metadata":{"@type":"type.googleapis.com/google.firestore.admin.v1.LocationMetadata"},"locationId":"europe-southwest1","displayName":"Madrid"},{"name":"projects/denicebakes/locations/europe-west1","labels":{"cloud.googleapis.com/location":"europe-west1","cloud.googleapis.com/region":"europe-west1"},"metadata":{"@type":"type.googleapis.com/google.firestore.admin.v1.LocationMetadata"},"locationId":"europe-west1","displayName":"Belgium"},{"name":"projects/denicebakes/locations/europe-west10","labels":{"cloud.googleapis.com/location":"europe-west10","cloud.googleapis.com/region":"europe-west10"},"metadata":{"@type":"type.googleapis.com/google.firestore.admin.v1.LocationMetadata"},"locationId":"europe-west10","displayName":"Berlin"},{"name":"projects/denicebakes/locations/europe-west12","labels":{"cloud.googleapis.com/location":"europe-west12","cloud.googleapis.com/region":"europe-west12"},"metadata":{"@type":"type.googleapis.com/google.firestore.admin.v1.LocationMetadata"},"locationId":"europe-west12","displayName":"Turin"},{"name":"projects/denicebakes/locations/europe-west2","labels":{"appengine.googleapis.com/region":"europe-west2","cloud.googleapis.com/location":"europe-west2","cloud.googleapis.com/region":"europe-west2"},"metadata":{"@type":"type.googleapis.com/google.firestore.admin.v1.LocationMetadata"},"locationId":"europe-west2","displayName":"London"},{"name":"projects/denicebakes/locations/europe-west3","labels":{"appengine.googleapis.com/region":"europe-west3","cloud.googleapis.com/location":"europe-west3","cloud.googleapis.com/region":"europe-west3"},"metadata":{"@type":"type.googleapis.com/google.firestore.admin.v1.LocationMetadata"},"locationId":"europe-west3","displayName":"Frankfurt"},{"name":"projects/denicebakes/locations/europe-west4","labels":{"cloud.googleapis.com/location":"europe-west4","cloud.googleapis.com/region":"europe-west4"},"metadata":{"@type":"type.googleapis.com/google.firestore.admin.v1.LocationMetadata"},"locationId":"europe-west4","displayName":"Netherlands"},{"name":"projects/denicebakes/locations/europe-west6","labels":{"appengine.googleapis.com/region":"europe-west6","cloud.googleapis.com/location":"europe-west6","cloud.googleapis.com/region":"europe-west6"},"metadata":{"@type":"type.googleapis.com/google.firestore.admin.v1.LocationMetadata"},"locationId":"europe-west6","displayName":"Zurich"},{"name":"projects/denicebakes/locations/europe-west8","labels":{"cloud.googleapis.com/location":"europe-west8","cloud.googleapis.com/region":"europe-west8"},"metadata":{"@type":"type.googleapis.com/google.firestore.admin.v1.LocationMetadata"},"locationId":"europe-west8","displayName":"Milan"},{"name":"projects/denicebakes/locations/europe-west9","labels":{"cloud.googleapis.com/location":"europe-west9","cloud.googleapis.com/region":"europe-west9"},"metadata":{"@type":"type.googleapis.com/google.firestore.admin.v1.LocationMetadata"},"locationId":"europe-west9","displayName":"Paris"},{"name":"projects/denicebakes/locations/me-central1","labels":{"cloud.googleapis.com/location":"me-central1","cloud.googleapis.com/region":"me-central1"},"metadata":{"@type":"type.googleapis.com/google.firestore.admin.v1.LocationMetadata"},"locationId":"me-central1","displayName":"Doha"},{"name":"projects/denicebakes/locations/me-central2","labels":{"cloud.googleapis.com/location":"me-central2","cloud.googleapis.com/region":"me-central2"},"metadata":{"@type":"type.googleapis.com/google.firestore.admin.v1.LocationMetadata"},"locationId":"me-central2","displayName":"Dammam"},{"name":"projects/denicebakes/locations/me-west1","labels":{"cloud.googleapis.com/location":"me-west1","cloud.googleapis.com/region":"me-west1"},"metadata":{"@type":"type.googleapis.com/google.firestore.admin.v1.LocationMetadata"},"locationId":"me-west1","displayName":"Tel Aviv"},{"name":"projects/denicebakes/locations/northamerica-northeast1","labels":{"appengine.googleapis.com/region":"northamerica-northeast1","cloud.googleapis.com/location":"northamerica-northeast1","cloud.googleapis.com/region":"northamerica-northeast1"},"metadata":{"@type":"type.googleapis.com/google.firestore.admin.v1.LocationMetadata"},"locationId":"northamerica-northeast1","displayName":"Montréal"},{"name":"projects/denicebakes/locations/northamerica-northeast2","labels":{"cloud.googleapis.com/location":"northamerica-northeast2","cloud.googleapis.com/region":"northamerica-northeast2"},"metadata":{"@type":"type.googleapis.com/google.firestore.admin.v1.LocationMetadata"},"locationId":"northamerica-northeast2","displayName":"Toronto"},{"name":"projects/denicebakes/locations/northamerica-south1","labels":{"cloud.googleapis.com/location":"northamerica-south1","cloud.googleapis.com/region":"northamerica-south1"},"metadata":{"@type":"type.googleapis.com/google.firestore.admin.v1.LocationMetadata"},"locationId":"northamerica-south1","displayName":"Mexico"},{"name":"projects/denicebakes/locations/southamerica-east1","labels":{"appengine.googleapis.com/region":"southamerica-east1","cloud.googleapis.com/location":"southamerica-east1","cloud.googleapis.com/region":"southamerica-east1"},"metadata":{"@type":"type.googleapis.com/google.firestore.admin.v1.LocationMetadata"},"locationId":"southamerica-east1","displayName":"São Paulo"},{"name":"projects/denicebakes/locations/southamerica-west1","labels":{"cloud.googleapis.com/location":"southamerica-west1","cloud.googleapis.com/region":"southamerica-west1"},"metadata":{"@type":"type.googleapis.com/google.firestore.admin.v1.LocationMetadata"},"locationId":"southamerica-west1","displayName":"Santiago"},{"name":"projects/denicebakes/locations/us-central1","labels":{"cloud.googleapis.com/location":"us-central1","cloud.googleapis.com/region":"us-central1"},"metadata":{"@type":"type.googleapis.com/google.firestore.admin.v1.LocationMetadata"},"locationId":"us-central1","displayName":"Iowa"},{"name":"projects/denicebakes/locations/us-east1","labels":{"appengine.googleapis.com/region":"us-east1","cloud.googleapis.com/location":"us-east1","cloud.googleapis.com/region":"us-east1"},"metadata":{"@type":"type.googleapis.com/google.firestore.admin.v1.LocationMetadata"},"locationId":"us-east1","displayName":"South Carolina"},{"name":"projects/denicebakes/locations/us-east4","labels":{"appengine.googleapis.com/region":"us-east4","cloud.googleapis.com/location":"us-east4","cloud.googleapis.com/region":"us-east4"},"metadata":{"@type":"type.googleapis.com/google.firestore.admin.v1.LocationMetadata"},"locationId":"us-east4","displayName":"Northern Virginia"},{"name":"projects/denicebakes/locations/us-east5","labels":{"cloud.googleapis.com/location":"us-east5","cloud.googleapis.com/region":"us-east5"},"metadata":{"@type":"type.googleapis.com/google.firestore.admin.v1.LocationMetadata"},"locationId":"us-east5","displayName":"Columbus"},{"name":"projects/denicebakes/locations/us-south1","labels":{"cloud.googleapis.com/location":"us-south1","cloud.googleapis.com/region":"us-south1"},"metadata":{"@type":"type.googleapis.com/google.firestore.admin.v1.LocationMetadata"},"locationId":"us-south1","displayName":"Dallas"},{"name":"projects/denicebakes/locations/us-west1","labels":{"appengine.googleapis.com/region":"us-west1","cloud.googleapis.com/location":"us-west1","cloud.googleapis.com/region":"us-west1"},"metadata":{"@type":"type.googleapis.com/google.firestore.admin.v1.LocationMetadata"},"locationId":"us-west1","displayName":"Oregon"},{"name":"projects/denicebakes/locations/us-west2","labels":{"appengine.googleapis.com/region":"us-west2","cloud.googleapis.com/location":"us-west2","cloud.googleapis.com/region":"us-west2"},"metadata":{"@type":"type.googleapis.com/google.firestore.admin.v1.LocationMetadata"},"locationId":"us-west2","displayName":"Los Angeles"},{"name":"projects/denicebakes/locations/us-west3","labels":{"appengine.googleapis.com/region":"us-west3","cloud.googleapis.com/location":"us-west3","cloud.googleapis.com/region":"us-west3"},"metadata":{"@type":"type.googleapis.com/google.firestore.admin.v1.LocationMetadata"},"locationId":"us-west3","displayName":"Salt Lake City"},{"name":"projects/denicebakes/locations/us-west4","labels":{"appengine.googleapis.com/region":"us-west4","cloud.googleapis.com/location":"us-west4","cloud.googleapis.com/region":"us-west4"},"metadata":{"@type":"type.googleapis.com/google.firestore.admin.v1.LocationMetadata"},"locationId":"us-west4","displayName":"Las Vegas"}]}
[info] 
[info] Firestore Security Rules allow you to define how and when to allow
[info] requests. You can keep these rules in your project directory
[info] and publish them with firebase deploy.
[info] 
[debug] [2025-10-28T13:19:55.038Z] Checked if tokens are valid: true, expires at: 1761660665537
[debug] [2025-10-28T13:19:55.038Z] Checked if tokens are valid: true, expires at: 1761660665537
[debug] [2025-10-28T13:19:55.038Z] >>> [apiv2][query] GET https://firebaserules.googleapis.com/v1/projects/denicebakes/releases pageSize=10&pageToken=
[debug] [2025-10-28T13:19:56.233Z] <<< [apiv2][status] GET https://firebaserules.googleapis.com/v1/projects/denicebakes/releases 200
[debug] [2025-10-28T13:19:56.233Z] <<< [apiv2][body] GET https://firebaserules.googleapis.com/v1/projects/denicebakes/releases {}
[info] 
[info] Firestore indexes allow you to perform complex queries while
[info] maintaining performance that scales with the size of the result
[info] set. You can keep index definitions in your project directory
[info] and publish them with firebase deploy.
[info] 
[debug] [2025-10-28T13:19:59.349Z] Checked if tokens are valid: true, expires at: 1761660665537
[debug] [2025-10-28T13:19:59.349Z] Checked if tokens are valid: true, expires at: 1761660665537
[debug] [2025-10-28T13:19:59.349Z] Checked if tokens are valid: true, expires at: 1761660665537
[debug] [2025-10-28T13:19:59.349Z] Checked if tokens are valid: true, expires at: 1761660665537
[debug] [2025-10-28T13:19:59.349Z] >>> [apiv2][query] GET https://firestore.googleapis.com/v1/projects/denicebakes/databases/(default)/collectionGroups/-/indexes [none]
[debug] [2025-10-28T13:19:59.351Z] >>> [apiv2][query] GET https://firestore.googleapis.com/v1/projects/denicebakes/databases/(default)/collectionGroups/-/fields?filter=indexConfig.usesAncestorConfig=false OR ttlConfig:* [none]
[debug] [2025-10-28T13:19:59.608Z] <<< [apiv2][status] GET https://firestore.googleapis.com/v1/projects/denicebakes/databases/(default)/collectionGroups/-/fields?filter=indexConfig.usesAncestorConfig=false OR ttlConfig:* 404
[debug] [2025-10-28T13:19:59.608Z] <<< [apiv2][body] GET https://firestore.googleapis.com/v1/projects/denicebakes/databases/(default)/collectionGroups/-/fields?filter=indexConfig.usesAncestorConfig=false OR ttlConfig:* {"error":{"code":404,"message":"Project 'denicebakes' or database '(default)' does not exist.","status":"NOT_FOUND"}}
[info] +  Wrote firestore.rules 
[info] +  Wrote firestore.indexes.json 
[info] 
=== Genkit Setup
[debug] [2025-10-28T13:19:59.636Z] <<< [apiv2][status] GET https://firestore.googleapis.com/v1/projects/denicebakes/databases/(default)/collectionGroups/-/indexes 404
[debug] [2025-10-28T13:19:59.637Z] <<< [apiv2][body] GET https://firestore.googleapis.com/v1/projects/denicebakes/databases/(default)/collectionGroups/-/indexes {"error":{"code":404,"message":"Project 'denicebakes' or database '(default)' does not exist.","status":"NOT_FOUND"}}
[debug] [2025-10-28T13:20:08.774Z] > command requires scopes: ["email","openid","https://www.googleapis.com/auth/cloudplatformprojects.readonly","https://www.googleapis.com/auth/firebase","https://www.googleapis.com/auth/cloud-platform"]
[debug] [2025-10-28T13:20:08.775Z] > authorizing via signed-in user (roblesrelegulrich@gmail.com)
[debug] [2025-10-28T13:20:08.775Z] [iam] checking project denicebakes for permissions ["firebase.projects.get"]
[debug] [2025-10-28T13:20:08.775Z] Checked if tokens are valid: true, expires at: 1761660665537
[debug] [2025-10-28T13:20:08.775Z] Checked if tokens are valid: true, expires at: 1761660665537
[debug] [2025-10-28T13:20:08.775Z] >>> [apiv2][query] POST https://cloudresourcemanager.googleapis.com/v1/projects/denicebakes:testIamPermissions [none]
[debug] [2025-10-28T13:20:08.775Z] >>> [apiv2][(partial)header] POST https://cloudresourcemanager.googleapis.com/v1/projects/denicebakes:testIamPermissions x-goog-quota-user=projects/denicebakes
[debug] [2025-10-28T13:20:08.775Z] >>> [apiv2][body] POST https://cloudresourcemanager.googleapis.com/v1/projects/denicebakes:testIamPermissions {"permissions":["firebase.projects.get"]}
[debug] [2025-10-28T13:20:09.866Z] <<< [apiv2][status] POST https://cloudresourcemanager.googleapis.com/v1/projects/denicebakes:testIamPermissions 200
[debug] [2025-10-28T13:20:09.866Z] <<< [apiv2][body] POST https://cloudresourcemanager.googleapis.com/v1/projects/denicebakes:testIamPermissions {"permissions":["firebase.projects.get"]}
[debug] [2025-10-28T13:20:09.867Z] Checked if tokens are valid: true, expires at: 1761660665537
[debug] [2025-10-28T13:20:09.867Z] Checked if tokens are valid: true, expires at: 1761660665537
[debug] [2025-10-28T13:20:09.868Z] Checked if tokens are valid: true, expires at: 1761660665537
[debug] [2025-10-28T13:20:09.868Z] Checked if tokens are valid: true, expires at: 1761660665537
[debug] [2025-10-28T13:20:09.868Z] >>> [apiv2][query] GET https://serviceusage.googleapis.com/v1/projects/denicebakes/services/cloudfunctions.googleapis.com [none]
[debug] [2025-10-28T13:20:09.868Z] >>> [apiv2][(partial)header] GET https://serviceusage.googleapis.com/v1/projects/denicebakes/services/cloudfunctions.googleapis.com x-goog-quota-user=projects/denicebakes
[debug] [2025-10-28T13:20:09.870Z] >>> [apiv2][query] GET https://serviceusage.googleapis.com/v1/projects/denicebakes/services/runtimeconfig.googleapis.com [none]
[debug] [2025-10-28T13:20:09.870Z] >>> [apiv2][(partial)header] GET https://serviceusage.googleapis.com/v1/projects/denicebakes/services/runtimeconfig.googleapis.com x-goog-quota-user=projects/denicebakes
[debug] [2025-10-28T13:20:11.120Z] <<< [apiv2][status] GET https://serviceusage.googleapis.com/v1/projects/denicebakes/services/runtimeconfig.googleapis.com 200
[debug] [2025-10-28T13:20:11.120Z] <<< [apiv2][body] GET https://serviceusage.googleapis.com/v1/projects/denicebakes/services/runtimeconfig.googleapis.com [omitted]
[debug] [2025-10-28T13:20:11.204Z] <<< [apiv2][status] GET https://serviceusage.googleapis.com/v1/projects/denicebakes/services/cloudfunctions.googleapis.com 200
[debug] [2025-10-28T13:20:11.204Z] <<< [apiv2][body] GET https://serviceusage.googleapis.com/v1/projects/denicebakes/services/cloudfunctions.googleapis.com [omitted]
[debug] [2025-10-28T13:20:11.204Z] Checked if tokens are valid: true, expires at: 1761660665537
[debug] [2025-10-28T13:20:11.204Z] Checked if tokens are valid: true, expires at: 1761660665537
[debug] [2025-10-28T13:20:11.205Z] >>> [apiv2][query] POST https://serviceusage.googleapis.com/v1/projects/denicebakes/services/cloudfunctions.googleapis.com:enable [none]
[debug] [2025-10-28T13:20:11.205Z] >>> [apiv2][(partial)header] POST https://serviceusage.googleapis.com/v1/projects/denicebakes/services/cloudfunctions.googleapis.com:enable x-goog-quota-user=projects/denicebakes
[debug] [2025-10-28T13:20:11.767Z] <<< [apiv2][status] POST https://serviceusage.googleapis.com/v1/projects/denicebakes/services/cloudfunctions.googleapis.com:enable 200
[debug] [2025-10-28T13:20:11.768Z] <<< [apiv2][body] POST https://serviceusage.googleapis.com/v1/projects/denicebakes/services/cloudfunctions.googleapis.com:enable [omitted]
[info] Let's create a new codebase for your functions.
[info] A directory corresponding to the codebase will be created in your project
[info] with sample code pre-configured.

[info] See https://firebase.google.com/docs/functions/organize-functions for
[info] more information on organizing your functions using codebases.

[info] Functions can be deployed with firebase deploy.

[info] +  Wrote functions/package.json 
[info] +  Wrote functions/.eslintrc.js 
[info] +  Wrote functions/tsconfig.dev.json 
[info] +  Wrote functions/tsconfig.json 
[info] +  Wrote functions/src/index.ts 
[info] +  Wrote functions/.gitignore 
